<?xml version="1.0" encoding="UTF-8"?>
<!-- Generated by org.testng.reporters.JUnitReportReporter -->
<testsuite hostname="ip-172-31-63-192" name="com.automation.jenkins.JenkinsIntegration.HelloWorld" tests="1" failures="0" timestamp="14 Oct 2019 12:55:00 GMT" time="0.012" errors="0">
  <testcase name="helloWorld" time="0.012" classname="com.automation.jenkins.JenkinsIntegration.HelloWorld"/>
</testsuite> <!-- com.automation.jenkins.JenkinsIntegration.HelloWorld -->
